Using pre-set license
Built from '2020.3/staging' branch; Version is '2020.3.5f1 (8095aa901b9b) revision 8426922'; Using compiler version '192528614'; Build Type 'Release'
OS: 'Windows 10 Education; OS build 19044.1288; Version 2009; 64bit' Language: 'en' Physical Memory: 32617 MB
BatchMode: 1, IsHumanControllingUs: 0, StartBugReporterOnCrash: 0, Is64bit: 1, IsPro: 0

 COMMAND LINE ARGUMENTS:
C:\Program Files\Unity\Hub\Editor\2020.3.5f1\Editor\Unity.exe
-adb2
-batchMode
-noUpm
-name
AssetImportWorker0
-projectPath
C:/Users/s214615/Documents/Repos/UI/StudentStarterProject - DragAndDropShop
-logFile
Logs/AssetImportWorker0.log
-srvPort
65353
Successfully changed project path to: C:/Users/s214615/Documents/Repos/UI/StudentStarterProject - DragAndDropShop
C:/Users/s214615/Documents/Repos/UI/StudentStarterProject - DragAndDropShop
Using Asset Import Pipeline V2.
Refreshing native plugins compatible for Editor in 18.30 ms, found 0 plugins.
Preloading 0 native plugins for Editor in 0.00 ms.
Initialize engine version: 2020.3.5f1 (8095aa901b9b)
[Subsystems] Discovering subsystems at path C:/Program Files/Unity/Hub/Editor/2020.3.5f1/Editor/Data/Resources/UnitySubsystems
[Subsystems] Discovering subsystems at path C:/Users/s214615/Documents/Repos/UI/StudentStarterProject - DragAndDropShop/Assets
GfxDevice: creating device client; threaded=0
Direct3D:
    Version:  Direct3D 11.0 [level 11.1]
    Renderer: NVIDIA GeForce RTX 3060 Ti (ID=0x2489)
    Vendor:   
    VRAM:     8050 MB
    Driver:   30.0.14.9676
Initialize mono
Mono path[0] = 'C:/Program Files/Unity/Hub/Editor/2020.3.5f1/Editor/Data/Managed'
Mono path[1] = 'C:/Program Files/Unity/Hub/Editor/2020.3.5f1/Editor/Data/MonoBleedingEdge/lib/mono/unityjit'
Mono config path = 'C:/Program Files/Unity/Hub/Editor/2020.3.5f1/Editor/Data/MonoBleedingEdge/etc'
Using monoOptions --debugger-agent=transport=dt_socket,embedding=1,server=y,suspend=n,address=127.0.0.1:56284
Begin MonoManager ReloadAssembly
Registering precompiled unity dll's ...
Register platform support module: C:/Program Files/Unity/Hub/Editor/2020.3.5f1/Editor/Data/PlaybackEngines/WebGLSupport/UnityEditor.WebGL.Extensions.dll
Register platform support module: C:/Program Files/Unity/Hub/Editor/2020.3.5f1/Editor/Data/PlaybackEngines/WindowsStandaloneSupport/UnityEditor.WindowsStandalone.Extensions.dll
Registered in 0.001720 seconds.
Native extension for WindowsStandalone target not found
Native extension for WebGL target not found
Refreshing native plugins compatible for Editor in 18.37 ms, found 0 plugins.
Preloading 0 native plugins for Editor in 0.00 ms.
Mono: successfully reloaded assembly
- Completed reload, in  1.459 seconds
Platform modules already initialized, skipping
Registering precompiled user dll's ...
Registered in 0.000482 seconds.
Begin MonoManager ReloadAssembly
Native extension for WindowsStandalone target not found
Native extension for WebGL target not found
Refreshing native plugins compatible for Editor in 0.24 ms, found 0 plugins.
Preloading 0 native plugins for Editor in 0.00 ms.
Mono: successfully reloaded assembly
- Completed reload, in  0.633 seconds
Platform modules already initialized, skipping
========================================================================
Worker process is ready to serve import requests
Launched and connected shader compiler UnityShaderCompiler.exe after 0.02 seconds
Refreshing native plugins compatible for Editor in 0.19 ms, found 0 plugins.
Preloading 0 native plugins for Editor in 0.00 ms.
Unloading 1119 Unused Serialized files (Serialized files now loaded: 0)
System memory in use before: 57.5 MB.
System memory in use after: 57.5 MB.

Unloading 9 unused Assets to reduce memory usage. Loaded Objects now: 1563.
Total: 1.686000 ms (FindLiveObjects: 0.156800 ms CreateObjectMapping: 0.044400 ms MarkObjects: 1.432900 ms  DeleteObjects: 0.050200 ms)

========================================================================
Received Import Request.
  path: Assets/Game Data/SevenLeagueBoots.asset
  artifactKey: Guid(651f62d9f0ab5c441a29e1d16c65a8cc) Importer(815301076,1909f56bfc062723c751e8b465ee728b)
Start importing Assets/Game Data/SevenLeagueBoots.asset using Guid(651f62d9f0ab5c441a29e1d16c65a8cc) Importer(815301076,1909f56bfc062723c751e8b465ee728b)  -> (artifact id: '534d756b3ee880bb123eff5a9159f275') in 0.017153 seconds
  Import took 0.018973 seconds .

========================================================================
Received Import Request.
  Time since last request: 0.000268 seconds.
  path: Assets/Game Data/FisterBoBister.asset
  artifactKey: Guid(175bf6f03fb51a64cb1b264075d7e993) Importer(815301076,1909f56bfc062723c751e8b465ee728b)
Start importing Assets/Game Data/FisterBoBister.asset using Guid(175bf6f03fb51a64cb1b264075d7e993) Importer(815301076,1909f56bfc062723c751e8b465ee728b)  -> (artifact id: '524ccfffbe5589e0c377fdd71cf21f2b') in 0.002021 seconds
  Import took 0.003320 seconds .

========================================================================
Received Import Request.
  Time since last request: 0.000140 seconds.
  path: Assets/Game Data/BigGlasses.asset
  artifactKey: Guid(eef3c85a8467033498a606a20a2046f2) Importer(815301076,1909f56bfc062723c751e8b465ee728b)
Start importing Assets/Game Data/BigGlasses.asset using Guid(eef3c85a8467033498a606a20a2046f2) Importer(815301076,1909f56bfc062723c751e8b465ee728b)  -> (artifact id: '9b7b3785d0c7643a737cb89404750890') in 0.002007 seconds
  Import took 0.003213 seconds .

AssetImportWorkerClient::OnTransportError - code=2 error=End of file
