Using pre-set license
Built from '2020.3/staging' branch; Version is '2020.3.5f1 (8095aa901b9b) revision 8426922'; Using compiler version '192528614'; Build Type 'Release'
OS: 'Windows 10 Education; OS build 19044.1288; Version 2009; 64bit' Language: 'en' Physical Memory: 32617 MB
BatchMode: 1, IsHumanControllingUs: 0, StartBugReporterOnCrash: 0, Is64bit: 1, IsPro: 0

 COMMAND LINE ARGUMENTS:
C:\Program Files\Unity\Hub\Editor\2020.3.5f1\Editor\Unity.exe
-adb2
-batchMode
-noUpm
-name
AssetImportWorker1
-projectPath
C:/Users/s214615/Documents/Repos/UI/SynthCity
-logFile
Logs/AssetImportWorker1.log
-srvPort
50011
Successfully changed project path to: C:/Users/s214615/Documents/Repos/UI/SynthCity
C:/Users/s214615/Documents/Repos/UI/SynthCity
Using Asset Import Pipeline V2.
Refreshing native plugins compatible for Editor in 25.40 ms, found 0 plugins.
Preloading 0 native plugins for Editor in 0.00 ms.
Initialize engine version: 2020.3.5f1 (8095aa901b9b)
[Subsystems] Discovering subsystems at path C:/Program Files/Unity/Hub/Editor/2020.3.5f1/Editor/Data/Resources/UnitySubsystems
[Subsystems] Discovering subsystems at path C:/Users/s214615/Documents/Repos/UI/SynthCity/Assets
GfxDevice: creating device client; threaded=0
Direct3D:
    Version:  Direct3D 11.0 [level 11.1]
    Renderer: NVIDIA GeForce RTX 3060 Ti (ID=0x2489)
    Vendor:   
    VRAM:     8050 MB
    Driver:   30.0.14.9676
Initialize mono
Mono path[0] = 'C:/Program Files/Unity/Hub/Editor/2020.3.5f1/Editor/Data/Managed'
Mono path[1] = 'C:/Program Files/Unity/Hub/Editor/2020.3.5f1/Editor/Data/MonoBleedingEdge/lib/mono/unityjit'
Mono config path = 'C:/Program Files/Unity/Hub/Editor/2020.3.5f1/Editor/Data/MonoBleedingEdge/etc'
Using monoOptions --debugger-agent=transport=dt_socket,embedding=1,server=y,suspend=n,address=127.0.0.1:56596
Begin MonoManager ReloadAssembly
Registering precompiled unity dll's ...
Register platform support module: C:/Program Files/Unity/Hub/Editor/2020.3.5f1/Editor/Data/PlaybackEngines/WebGLSupport/UnityEditor.WebGL.Extensions.dll
Register platform support module: C:/Program Files/Unity/Hub/Editor/2020.3.5f1/Editor/Data/PlaybackEngines/WindowsStandaloneSupport/UnityEditor.WindowsStandalone.Extensions.dll
Registered in 0.001703 seconds.
Native extension for WindowsStandalone target not found
Native extension for WebGL target not found
Refreshing native plugins compatible for Editor in 26.17 ms, found 0 plugins.
Preloading 0 native plugins for Editor in 0.00 ms.
Mono: successfully reloaded assembly
- Completed reload, in  2.045 seconds
Platform modules already initialized, skipping
Registering precompiled user dll's ...
Registered in 0.000863 seconds.
Begin MonoManager ReloadAssembly
Native extension for WindowsStandalone target not found
Native extension for WebGL target not found
Refreshing native plugins compatible for Editor in 26.07 ms, found 0 plugins.
Preloading 0 native plugins for Editor in 0.00 ms.
Mono: successfully reloaded assembly
- Completed reload, in  0.738 seconds
Platform modules already initialized, skipping
========================================================================
Worker process is ready to serve import requests
Launched and connected shader compiler UnityShaderCompiler.exe after 0.03 seconds
Refreshing native plugins compatible for Editor in 0.28 ms, found 0 plugins.
Preloading 0 native plugins for Editor in 0.00 ms.
Unloading 1630 Unused Serialized files (Serialized files now loaded: 0)
System memory in use before: 98.9 MB.
System memory in use after: 99.0 MB.

Unloading 14 unused Assets to reduce memory usage. Loaded Objects now: 2100.
Total: 1.652300 ms (FindLiveObjects: 0.177200 ms CreateObjectMapping: 0.062700 ms MarkObjects: 1.330500 ms  DeleteObjects: 0.081000 ms)

========================================================================
Received Import Request.
  path: Assets/Materials/New Material 1.mat
  artifactKey: Guid(e644afb457571464fbaba4d6c4c0f035) Importer(815301076,1909f56bfc062723c751e8b465ee728b)
Start importing Assets/Materials/New Material 1.mat using Guid(e644afb457571464fbaba4d6c4c0f035) Importer(815301076,1909f56bfc062723c751e8b465ee728b)  -> (artifact id: '99214a636d370f34c96723773f4cd0bc') in 0.075836 seconds
  Import took 0.078074 seconds .

========================================================================
Received Import Request.
  Time since last request: 97.176035 seconds.
  path: Assets/Materials/Oscillator.mat
  artifactKey: Guid(3796a57107f7b294aae14f97d87b2899) Importer(815301076,1909f56bfc062723c751e8b465ee728b)
Start importing Assets/Materials/Oscillator.mat using Guid(3796a57107f7b294aae14f97d87b2899) Importer(815301076,1909f56bfc062723c751e8b465ee728b)  -> (artifact id: 'b47c7d0b4594ad965f64b8659c69d5da') in 0.010339 seconds
  Import took 0.012861 seconds .

========================================================================
Received Import Request.
  Time since last request: 0.000153 seconds.
  path: Assets/Materials/Wireframe.mat
  artifactKey: Guid(e644afb457571464fbaba4d6c4c0f035) Importer(815301076,1909f56bfc062723c751e8b465ee728b)
Start importing Assets/Materials/Wireframe.mat using Guid(e644afb457571464fbaba4d6c4c0f035) Importer(815301076,1909f56bfc062723c751e8b465ee728b)  -> (artifact id: '122b9824dde6d82ccab82088f230b02d') in 0.010266 seconds
  Import took 0.012517 seconds .

========================================================================
Received Prepare
Registering precompiled user dll's ...
Registered in 0.001287 seconds.
Begin MonoManager ReloadAssembly
Native extension for WindowsStandalone target not found
Native extension for WebGL target not found
Refreshing native plugins compatible for Editor in 0.30 ms, found 0 plugins.
Preloading 0 native plugins for Editor in 0.00 ms.
Mono: successfully reloaded assembly
- Completed reload, in  0.693 seconds
Platform modules already initialized, skipping
Refreshing native plugins compatible for Editor in 0.30 ms, found 0 plugins.
Preloading 0 native plugins for Editor in 0.00 ms.
Unloading 1608 Unused Serialized files (Serialized files now loaded: 0)
System memory in use before: 100.8 MB.
System memory in use after: 100.9 MB.

Unloading 7 unused Assets to reduce memory usage. Loaded Objects now: 2143.
Total: 1.864300 ms (FindLiveObjects: 0.168900 ms CreateObjectMapping: 0.048200 ms MarkObjects: 1.547800 ms  DeleteObjects: 0.098600 ms)

========================================================================
Received Prepare
Registering precompiled user dll's ...
Registered in 0.000812 seconds.
Begin MonoManager ReloadAssembly
Native extension for WindowsStandalone target not found
Native extension for WebGL target not found
Refreshing native plugins compatible for Editor in 0.29 ms, found 0 plugins.
Preloading 0 native plugins for Editor in 0.00 ms.
Mono: successfully reloaded assembly
- Completed reload, in  0.687 seconds
Platform modules already initialized, skipping
Refreshing native plugins compatible for Editor in 0.32 ms, found 0 plugins.
Preloading 0 native plugins for Editor in 0.00 ms.
Unloading 1608 Unused Serialized files (Serialized files now loaded: 0)
System memory in use before: 100.8 MB.
System memory in use after: 100.9 MB.

Unloading 7 unused Assets to reduce memory usage. Loaded Objects now: 2146.
Total: 2.059200 ms (FindLiveObjects: 0.256600 ms CreateObjectMapping: 0.083800 ms MarkObjects: 1.610800 ms  DeleteObjects: 0.107300 ms)

========================================================================
Received Prepare
Registering precompiled user dll's ...
Registered in 0.000820 seconds.
Begin MonoManager ReloadAssembly
Native extension for WindowsStandalone target not found
Native extension for WebGL target not found
Refreshing native plugins compatible for Editor in 0.28 ms, found 0 plugins.
Preloading 0 native plugins for Editor in 0.00 ms.
Mono: successfully reloaded assembly
- Completed reload, in  0.662 seconds
Platform modules already initialized, skipping
Refreshing native plugins compatible for Editor in 0.29 ms, found 0 plugins.
Preloading 0 native plugins for Editor in 0.00 ms.
Unloading 1608 Unused Serialized files (Serialized files now loaded: 0)
System memory in use before: 100.8 MB.
System memory in use after: 100.9 MB.

Unloading 7 unused Assets to reduce memory usage. Loaded Objects now: 2149.
Total: 2.007200 ms (FindLiveObjects: 0.212900 ms CreateObjectMapping: 0.047700 ms MarkObjects: 1.641500 ms  DeleteObjects: 0.104100 ms)

========================================================================
Received Prepare
Registering precompiled user dll's ...
Registered in 0.000801 seconds.
Begin MonoManager ReloadAssembly
Native extension for WindowsStandalone target not found
Native extension for WebGL target not found
Refreshing native plugins compatible for Editor in 0.28 ms, found 0 plugins.
Preloading 0 native plugins for Editor in 0.00 ms.
Mono: successfully reloaded assembly
- Completed reload, in  0.660 seconds
Platform modules already initialized, skipping
Refreshing native plugins compatible for Editor in 0.29 ms, found 0 plugins.
Preloading 0 native plugins for Editor in 0.00 ms.
Unloading 1608 Unused Serialized files (Serialized files now loaded: 0)
System memory in use before: 100.8 MB.
System memory in use after: 100.9 MB.

Unloading 7 unused Assets to reduce memory usage. Loaded Objects now: 2152.
Total: 1.898700 ms (FindLiveObjects: 0.192900 ms CreateObjectMapping: 0.058200 ms MarkObjects: 1.578300 ms  DeleteObjects: 0.067800 ms)

========================================================================
Received Prepare
Registering precompiled user dll's ...
Registered in 0.000925 seconds.
Begin MonoManager ReloadAssembly
Native extension for WindowsStandalone target not found
Native extension for WebGL target not found
Refreshing native plugins compatible for Editor in 0.28 ms, found 0 plugins.
Preloading 0 native plugins for Editor in 0.00 ms.
Mono: successfully reloaded assembly
- Completed reload, in  0.643 seconds
Platform modules already initialized, skipping
Refreshing native plugins compatible for Editor in 0.31 ms, found 0 plugins.
Preloading 0 native plugins for Editor in 0.00 ms.
Unloading 1608 Unused Serialized files (Serialized files now loaded: 0)
System memory in use before: 100.9 MB.
System memory in use after: 100.9 MB.

Unloading 7 unused Assets to reduce memory usage. Loaded Objects now: 2155.
Total: 1.943000 ms (FindLiveObjects: 0.154200 ms CreateObjectMapping: 0.048100 ms MarkObjects: 1.632100 ms  DeleteObjects: 0.107800 ms)

========================================================================
Received Prepare
Registering precompiled user dll's ...
Registered in 0.000840 seconds.
Begin MonoManager ReloadAssembly
Native extension for WindowsStandalone target not found
Native extension for WebGL target not found
Refreshing native plugins compatible for Editor in 0.28 ms, found 0 plugins.
Preloading 0 native plugins for Editor in 0.00 ms.
Mono: successfully reloaded assembly
- Completed reload, in  0.666 seconds
Platform modules already initialized, skipping
Refreshing native plugins compatible for Editor in 0.34 ms, found 0 plugins.
Preloading 0 native plugins for Editor in 0.00 ms.
Unloading 1608 Unused Serialized files (Serialized files now loaded: 0)
System memory in use before: 100.9 MB.
System memory in use after: 100.9 MB.

Unloading 7 unused Assets to reduce memory usage. Loaded Objects now: 2158.
Total: 1.716700 ms (FindLiveObjects: 0.178100 ms CreateObjectMapping: 0.044700 ms MarkObjects: 1.392200 ms  DeleteObjects: 0.101200 ms)

========================================================================
Received Import Request.
  Time since last request: 941.960094 seconds.
  path: Assets/Prefabs/Wireframe.prefab
  artifactKey: Guid(e5f4daf24146ee040b5a2d7a73b30aa0) Importer(815301076,1909f56bfc062723c751e8b465ee728b)
Start importing Assets/Prefabs/Wireframe.prefab using Guid(e5f4daf24146ee040b5a2d7a73b30aa0) Importer(815301076,1909f56bfc062723c751e8b465ee728b)  -> (artifact id: '952763694eb295c0736eb7f1f2713407') in 0.046942 seconds
  Import took 0.049440 seconds .

========================================================================
Received Import Request.
  Time since last request: 60.494276 seconds.
  path: Assets/Materials/TheTidy-er.mat
  artifactKey: Guid(9d6f0b07f811f8341a7a4e6cddf69043) Importer(815301076,1909f56bfc062723c751e8b465ee728b)
Start importing Assets/Materials/TheTidy-er.mat using Guid(9d6f0b07f811f8341a7a4e6cddf69043) Importer(815301076,1909f56bfc062723c751e8b465ee728b)  -> (artifact id: 'fd28c08f266820e8ce540695a70bbbfb') in 0.018231 seconds
  Import took 0.020687 seconds .

========================================================================
Received Import Request.
  Time since last request: 125.917014 seconds.
  path: Assets/Scripts/Screamer.cs
  artifactKey: Guid(95fb0ef10d23dfa48b4eb957a49a34be) Importer(815301076,1909f56bfc062723c751e8b465ee728b)
Start importing Assets/Scripts/Screamer.cs using Guid(95fb0ef10d23dfa48b4eb957a49a34be) Importer(815301076,1909f56bfc062723c751e8b465ee728b)  -> (artifact id: 'a38bf47d8ba0e322760e0f93ffb164f8') in 0.006858 seconds
  Import took 0.009405 seconds .

========================================================================
Received Prepare
Registering precompiled user dll's ...
Registered in 0.000778 seconds.
Begin MonoManager ReloadAssembly
Native extension for WindowsStandalone target not found
Native extension for WebGL target not found
Refreshing native plugins compatible for Editor in 0.29 ms, found 0 plugins.
Preloading 0 native plugins for Editor in 0.00 ms.
Mono: successfully reloaded assembly
- Completed reload, in  0.693 seconds
Platform modules already initialized, skipping
Refreshing native plugins compatible for Editor in 0.28 ms, found 0 plugins.
Preloading 0 native plugins for Editor in 0.00 ms.
Unloading 1609 Unused Serialized files (Serialized files now loaded: 0)
System memory in use before: 100.9 MB.
System memory in use after: 101.0 MB.

Unloading 8 unused Assets to reduce memory usage. Loaded Objects now: 2164.
Total: 1.599400 ms (FindLiveObjects: 0.151200 ms CreateObjectMapping: 0.047900 ms MarkObjects: 1.337300 ms  DeleteObjects: 0.062200 ms)

========================================================================
Received Import Request.
  Time since last request: 9.004103 seconds.
  path: Assets/Scripts/ScreamerUI.cs
  artifactKey: Guid(5e55beae537c04c4395d141e364ee0d3) Importer(815301076,1909f56bfc062723c751e8b465ee728b)
Start importing Assets/Scripts/ScreamerUI.cs using Guid(5e55beae537c04c4395d141e364ee0d3) Importer(815301076,1909f56bfc062723c751e8b465ee728b)  -> (artifact id: '5fc0f5bc3507ba595bc820f3d4ad0feb') in 0.007454 seconds
  Import took 0.009875 seconds .

========================================================================
Received Prepare
Registering precompiled user dll's ...
Registered in 0.000806 seconds.
Begin MonoManager ReloadAssembly
Native extension for WindowsStandalone target not found
Native extension for WebGL target not found
Refreshing native plugins compatible for Editor in 1.08 ms, found 0 plugins.
Preloading 0 native plugins for Editor in 0.00 ms.
Mono: successfully reloaded assembly
- Completed reload, in  0.692 seconds
Platform modules already initialized, skipping
Refreshing native plugins compatible for Editor in 0.29 ms, found 0 plugins.
Preloading 0 native plugins for Editor in 0.00 ms.
Unloading 1610 Unused Serialized files (Serialized files now loaded: 0)
System memory in use before: 101.0 MB.
System memory in use after: 101.0 MB.

Unloading 7 unused Assets to reduce memory usage. Loaded Objects now: 2168.
Total: 2.121100 ms (FindLiveObjects: 0.239900 ms CreateObjectMapping: 0.106500 ms MarkObjects: 1.706200 ms  DeleteObjects: 0.067800 ms)

========================================================================
Received Prepare
Registering precompiled user dll's ...
Registered in 0.000870 seconds.
Begin MonoManager ReloadAssembly
Native extension for WindowsStandalone target not found
Native extension for WebGL target not found
Refreshing native plugins compatible for Editor in 0.29 ms, found 0 plugins.
Preloading 0 native plugins for Editor in 0.00 ms.
Mono: successfully reloaded assembly
- Completed reload, in  0.667 seconds
Platform modules already initialized, skipping
Refreshing native plugins compatible for Editor in 0.28 ms, found 0 plugins.
Preloading 0 native plugins for Editor in 0.00 ms.
Unloading 1610 Unused Serialized files (Serialized files now loaded: 0)
System memory in use before: 101.0 MB.
System memory in use after: 101.0 MB.

Unloading 7 unused Assets to reduce memory usage. Loaded Objects now: 2171.
Total: 1.863400 ms (FindLiveObjects: 0.178400 ms CreateObjectMapping: 0.051300 ms MarkObjects: 1.566900 ms  DeleteObjects: 0.066000 ms)

========================================================================
Received Import Request.
  Time since last request: 100.125229 seconds.
  path: Assets/Scripts/Screamer.cs
  artifactKey: Guid(95fb0ef10d23dfa48b4eb957a49a34be) Importer(815301076,1909f56bfc062723c751e8b465ee728b)
Start importing Assets/Scripts/Screamer.cs using Guid(95fb0ef10d23dfa48b4eb957a49a34be) Importer(815301076,1909f56bfc062723c751e8b465ee728b)  -> (artifact id: '87d5288aa0f5b4cfead15949d7a675cb') in 0.003883 seconds
  Import took 0.006159 seconds .

========================================================================
Received Prepare
Registering precompiled user dll's ...
Registered in 0.001049 seconds.
Begin MonoManager ReloadAssembly
Native extension for WindowsStandalone target not found
Native extension for WebGL target not found
Refreshing native plugins compatible for Editor in 0.29 ms, found 0 plugins.
Preloading 0 native plugins for Editor in 0.00 ms.
Mono: successfully reloaded assembly
- Completed reload, in  0.655 seconds
Platform modules already initialized, skipping
Refreshing native plugins compatible for Editor in 0.29 ms, found 0 plugins.
Preloading 0 native plugins for Editor in 0.00 ms.
Unloading 1610 Unused Serialized files (Serialized files now loaded: 0)
System memory in use before: 101.0 MB.
System memory in use after: 101.1 MB.

Unloading 7 unused Assets to reduce memory usage. Loaded Objects now: 2174.
Total: 1.790400 ms (FindLiveObjects: 0.225500 ms CreateObjectMapping: 0.055500 ms MarkObjects: 1.447000 ms  DeleteObjects: 0.061200 ms)

========================================================================
Received Prepare
Registering precompiled user dll's ...
Registered in 0.000855 seconds.
Begin MonoManager ReloadAssembly
Native extension for WindowsStandalone target not found
Native extension for WebGL target not found
Refreshing native plugins compatible for Editor in 0.47 ms, found 0 plugins.
Preloading 0 native plugins for Editor in 0.00 ms.
Mono: successfully reloaded assembly
- Completed reload, in  0.702 seconds
Platform modules already initialized, skipping
Refreshing native plugins compatible for Editor in 0.30 ms, found 0 plugins.
Preloading 0 native plugins for Editor in 0.00 ms.
Unloading 1610 Unused Serialized files (Serialized files now loaded: 0)
System memory in use before: 101.0 MB.
System memory in use after: 101.1 MB.

Unloading 7 unused Assets to reduce memory usage. Loaded Objects now: 2177.
Total: 1.983200 ms (FindLiveObjects: 0.183700 ms CreateObjectMapping: 0.049700 ms MarkObjects: 1.685500 ms  DeleteObjects: 0.063800 ms)

========================================================================
Received Prepare
Registering precompiled user dll's ...
Registered in 0.000822 seconds.
Begin MonoManager ReloadAssembly
Native extension for WindowsStandalone target not found
Native extension for WebGL target not found
Refreshing native plugins compatible for Editor in 0.29 ms, found 0 plugins.
Preloading 0 native plugins for Editor in 0.00 ms.
Mono: successfully reloaded assembly
- Completed reload, in  0.661 seconds
Platform modules already initialized, skipping
Refreshing native plugins compatible for Editor in 0.29 ms, found 0 plugins.
Preloading 0 native plugins for Editor in 0.00 ms.
Unloading 1610 Unused Serialized files (Serialized files now loaded: 0)
System memory in use before: 101.0 MB.
System memory in use after: 101.1 MB.

Unloading 7 unused Assets to reduce memory usage. Loaded Objects now: 2180.
Total: 1.914300 ms (FindLiveObjects: 0.158600 ms CreateObjectMapping: 0.050900 ms MarkObjects: 1.639000 ms  DeleteObjects: 0.065200 ms)

========================================================================
Received Prepare
Registering precompiled user dll's ...
Registered in 0.000865 seconds.
Begin MonoManager ReloadAssembly
Native extension for WindowsStandalone target not found
Native extension for WebGL target not found
Refreshing native plugins compatible for Editor in 0.28 ms, found 0 plugins.
Preloading 0 native plugins for Editor in 0.00 ms.
Mono: successfully reloaded assembly
- Completed reload, in  0.656 seconds
Platform modules already initialized, skipping
Refreshing native plugins compatible for Editor in 0.29 ms, found 0 plugins.
Preloading 0 native plugins for Editor in 0.00 ms.
Unloading 1610 Unused Serialized files (Serialized files now loaded: 0)
System memory in use before: 101.0 MB.
System memory in use after: 101.1 MB.

Unloading 7 unused Assets to reduce memory usage. Loaded Objects now: 2183.
Total: 1.661700 ms (FindLiveObjects: 0.164700 ms CreateObjectMapping: 0.048600 ms MarkObjects: 1.383600 ms  DeleteObjects: 0.063700 ms)

========================================================================
Received Import Request.
  Time since last request: 2050.545018 seconds.
  path: Assets/Audio
  artifactKey: Guid(d3f3ee6499a80a749a5d3447d6faed69) Importer(815301076,1909f56bfc062723c751e8b465ee728b)
Start importing Assets/Audio using Guid(d3f3ee6499a80a749a5d3447d6faed69) Importer(815301076,1909f56bfc062723c751e8b465ee728b)  -> (artifact id: '2d3288a514f765c3b543c5187ae29245') in 0.007524 seconds
  Import took 0.009917 seconds .

========================================================================
Received Import Request.
  Time since last request: 22.985738 seconds.
  path: Assets/Audio/Kenobi.m4a
  artifactKey: Guid(30997b86b0d65184392746ee3b82f96e) Importer(815301076,1909f56bfc062723c751e8b465ee728b)
Start importing Assets/Audio/Kenobi.m4a using Guid(30997b86b0d65184392746ee3b82f96e) Importer(815301076,1909f56bfc062723c751e8b465ee728b)  -> (artifact id: '995a0f17c83675979cfbcf599886b861') in 0.018157 seconds
  Import took 0.020582 seconds .

========================================================================
Received Import Request.
  Time since last request: 1.403236 seconds.
  path: Assets/Audio/Flesh rippin' 10.m4a
  artifactKey: Guid(ebe1f95bf3516664eacb98013fd2f9b3) Importer(815301076,1909f56bfc062723c751e8b465ee728b)
Start importing Assets/Audio/Flesh rippin' 10.m4a using Guid(ebe1f95bf3516664eacb98013fd2f9b3) Importer(815301076,1909f56bfc062723c751e8b465ee728b)  -> (artifact id: '164c9d383a69a7d424b8f6f39394600c') in 0.006184 seconds
  Import took 0.008665 seconds .

========================================================================
Received Import Request.
  Time since last request: 0.000442 seconds.
  path: Assets/Audio/Flesh rippin' 10.m4a
  artifactKey: Guid(ebe1f95bf3516664eacb98013fd2f9b3) Importer(815301076,1909f56bfc062723c751e8b465ee728b)
Start importing Assets/Audio/Flesh rippin' 10.m4a using Guid(ebe1f95bf3516664eacb98013fd2f9b3) Importer(815301076,1909f56bfc062723c751e8b465ee728b)  -> (artifact id: '164c9d383a69a7d424b8f6f39394600c') in 0.002164 seconds
  Import took 0.004375 seconds .

========================================================================
Received Import Request.
  Time since last request: 0.373527 seconds.
  path: Assets/Audio/Flesh rippin' 9.m4a
  artifactKey: Guid(27a31ff18c9b81c4c87901bf46b8a7f9) Importer(815301076,1909f56bfc062723c751e8b465ee728b)
Start importing Assets/Audio/Flesh rippin' 9.m4a using Guid(27a31ff18c9b81c4c87901bf46b8a7f9) Importer(815301076,1909f56bfc062723c751e8b465ee728b)  -> (artifact id: 'f01a478a60fc45ce0597a354fe7a2986') in 0.005716 seconds
  Import took 0.008143 seconds .

========================================================================
Received Import Request.
  Time since last request: 0.000426 seconds.
  path: Assets/Audio/Flesh rippin' 9.m4a
  artifactKey: Guid(27a31ff18c9b81c4c87901bf46b8a7f9) Importer(815301076,1909f56bfc062723c751e8b465ee728b)
Start importing Assets/Audio/Flesh rippin' 9.m4a using Guid(27a31ff18c9b81c4c87901bf46b8a7f9) Importer(815301076,1909f56bfc062723c751e8b465ee728b)  -> (artifact id: 'f01a478a60fc45ce0597a354fe7a2986') in 0.002050 seconds
  Import took 0.004308 seconds .

========================================================================
Received Import Request.
  Time since last request: 4.162889 seconds.
  path: Assets/Audio/Flesh rippin' 3.m4a
  artifactKey: Guid(50eb86d9bdcd17745a84efaf1c71239f) Importer(815301076,1909f56bfc062723c751e8b465ee728b)
Start importing Assets/Audio/Flesh rippin' 3.m4a using Guid(50eb86d9bdcd17745a84efaf1c71239f) Importer(815301076,1909f56bfc062723c751e8b465ee728b)  -> (artifact id: '3187acc0af3ad8e6c5dd1af555f5e0e2') in 0.005579 seconds
  Import took 0.008006 seconds .

========================================================================
Received Prepare
Registering precompiled user dll's ...
Registered in 0.001193 seconds.
Begin MonoManager ReloadAssembly
Native extension for WindowsStandalone target not found
Native extension for WebGL target not found
Refreshing native plugins compatible for Editor in 0.31 ms, found 0 plugins.
Preloading 0 native plugins for Editor in 0.00 ms.
Mono: successfully reloaded assembly
- Completed reload, in  0.695 seconds
Platform modules already initialized, skipping
Refreshing native plugins compatible for Editor in 0.30 ms, found 0 plugins.
Preloading 0 native plugins for Editor in 0.00 ms.
Unloading 1610 Unused Serialized files (Serialized files now loaded: 0)
System memory in use before: 101.0 MB.
System memory in use after: 101.1 MB.

Unloading 7 unused Assets to reduce memory usage. Loaded Objects now: 2186.
Total: 1.772000 ms (FindLiveObjects: 0.169200 ms CreateObjectMapping: 0.053700 ms MarkObjects: 1.484500 ms  DeleteObjects: 0.063700 ms)

========================================================================
Received Import Request.
  Time since last request: 1835.573414 seconds.
  path: Assets/Audio/Flesh rippin' 5.mp3
  artifactKey: Guid(08d745cc1a3b3f34b86595e7e56a9336) Importer(815301076,1909f56bfc062723c751e8b465ee728b)
Start importing Assets/Audio/Flesh rippin' 5.mp3 using Guid(08d745cc1a3b3f34b86595e7e56a9336) Importer(815301076,1909f56bfc062723c751e8b465ee728b)  -> (artifact id: '2f371459bb5f4553bf948b86b05bf64e') in 0.042162 seconds
  Import took 0.044809 seconds .

========================================================================
Received Import Request.
  Time since last request: 36.275856 seconds.
  path: Assets/Audio/Flesh rippin' 10.mp3
  artifactKey: Guid(74d2dd8a1e65246488c5556709033f0e) Importer(815301076,1909f56bfc062723c751e8b465ee728b)
Start importing Assets/Audio/Flesh rippin' 10.mp3 using Guid(74d2dd8a1e65246488c5556709033f0e) Importer(815301076,1909f56bfc062723c751e8b465ee728b)  -> (artifact id: 'c3a497beaf3c376601c874373ef854ad') in 0.011064 seconds
  Import took 0.013433 seconds .

========================================================================
Received Import Request.
  Time since last request: 7.484884 seconds.
  path: Assets/Audio/Flesh rippin' 8.mp3
  artifactKey: Guid(a849d1c89facc254daa8766a58785160) Importer(815301076,1909f56bfc062723c751e8b465ee728b)
Start importing Assets/Audio/Flesh rippin' 8.mp3 using Guid(a849d1c89facc254daa8766a58785160) Importer(815301076,1909f56bfc062723c751e8b465ee728b)  -> (artifact id: 'a5955029114ecd3c6da649629df20056') in 0.009471 seconds
  Import took 0.011805 seconds .

========================================================================
Received Prepare
Registering precompiled user dll's ...
Registered in 0.000810 seconds.
Begin MonoManager ReloadAssembly
Native extension for WindowsStandalone target not found
Native extension for WebGL target not found
Refreshing native plugins compatible for Editor in 0.27 ms, found 0 plugins.
Preloading 0 native plugins for Editor in 0.00 ms.
Mono: successfully reloaded assembly
- Completed reload, in  0.666 seconds
Platform modules already initialized, skipping
Refreshing native plugins compatible for Editor in 0.29 ms, found 0 plugins.
Preloading 0 native plugins for Editor in 0.00 ms.
Unloading 1610 Unused Serialized files (Serialized files now loaded: 0)
System memory in use before: 101.1 MB.
System memory in use after: 101.2 MB.

Unloading 7 unused Assets to reduce memory usage. Loaded Objects now: 2192.
Total: 1.738700 ms (FindLiveObjects: 0.165400 ms CreateObjectMapping: 0.044800 ms MarkObjects: 1.431200 ms  DeleteObjects: 0.096100 ms)

========================================================================
Received Prepare
Registering precompiled user dll's ...
Registered in 0.001356 seconds.
Begin MonoManager ReloadAssembly
Native extension for WindowsStandalone target not found
Native extension for WebGL target not found
Refreshing native plugins compatible for Editor in 0.29 ms, found 0 plugins.
Preloading 0 native plugins for Editor in 0.00 ms.
Mono: successfully reloaded assembly
- Completed reload, in  0.692 seconds
Platform modules already initialized, skipping
Refreshing native plugins compatible for Editor in 0.29 ms, found 0 plugins.
Preloading 0 native plugins for Editor in 0.00 ms.
Unloading 1610 Unused Serialized files (Serialized files now loaded: 0)
System memory in use before: 101.1 MB.
System memory in use after: 101.2 MB.

Unloading 7 unused Assets to reduce memory usage. Loaded Objects now: 2195.
Total: 1.717300 ms (FindLiveObjects: 0.174500 ms CreateObjectMapping: 0.051600 ms MarkObjects: 1.427000 ms  DeleteObjects: 0.063400 ms)

========================================================================
Received Prepare
Registering precompiled user dll's ...
Registered in 0.001211 seconds.
Begin MonoManager ReloadAssembly
Native extension for WindowsStandalone target not found
Native extension for WebGL target not found
Refreshing native plugins compatible for Editor in 0.44 ms, found 0 plugins.
Preloading 0 native plugins for Editor in 0.00 ms.
Mono: successfully reloaded assembly
- Completed reload, in  0.700 seconds
Platform modules already initialized, skipping
Refreshing native plugins compatible for Editor in 0.29 ms, found 0 plugins.
Preloading 0 native plugins for Editor in 0.00 ms.
Unloading 1610 Unused Serialized files (Serialized files now loaded: 0)
System memory in use before: 101.1 MB.
System memory in use after: 101.2 MB.

Unloading 7 unused Assets to reduce memory usage. Loaded Objects now: 2198.
Total: 1.640800 ms (FindLiveObjects: 0.161900 ms CreateObjectMapping: 0.048300 ms MarkObjects: 1.371500 ms  DeleteObjects: 0.058000 ms)

========================================================================
Received Prepare
Registering precompiled user dll's ...
Registered in 0.000823 seconds.
Begin MonoManager ReloadAssembly
Native extension for WindowsStandalone target not found
Native extension for WebGL target not found
Refreshing native plugins compatible for Editor in 0.48 ms, found 0 plugins.
Preloading 0 native plugins for Editor in 0.00 ms.
Mono: successfully reloaded assembly
- Completed reload, in  0.686 seconds
Platform modules already initialized, skipping
Refreshing native plugins compatible for Editor in 0.29 ms, found 0 plugins.
Preloading 0 native plugins for Editor in 0.00 ms.
Unloading 1610 Unused Serialized files (Serialized files now loaded: 0)
System memory in use before: 101.1 MB.
System memory in use after: 101.2 MB.

Unloading 7 unused Assets to reduce memory usage. Loaded Objects now: 2201.
Total: 1.852500 ms (FindLiveObjects: 0.161900 ms CreateObjectMapping: 0.049500 ms MarkObjects: 1.577700 ms  DeleteObjects: 0.062800 ms)

========================================================================
Received Prepare
Registering precompiled user dll's ...
Registered in 0.000855 seconds.
Begin MonoManager ReloadAssembly
Native extension for WindowsStandalone target not found
Native extension for WebGL target not found
Refreshing native plugins compatible for Editor in 0.30 ms, found 0 plugins.
Preloading 0 native plugins for Editor in 0.00 ms.
Mono: successfully reloaded assembly
- Completed reload, in  0.681 seconds
Platform modules already initialized, skipping
Refreshing native plugins compatible for Editor in 0.29 ms, found 0 plugins.
Preloading 0 native plugins for Editor in 0.00 ms.
Unloading 1610 Unused Serialized files (Serialized files now loaded: 0)
System memory in use before: 101.1 MB.
System memory in use after: 101.2 MB.

Unloading 7 unused Assets to reduce memory usage. Loaded Objects now: 2204.
Total: 1.883300 ms (FindLiveObjects: 0.221500 ms CreateObjectMapping: 0.084300 ms MarkObjects: 1.509300 ms  DeleteObjects: 0.066800 ms)

========================================================================
Received Prepare
Registering precompiled user dll's ...
Registered in 0.000814 seconds.
Begin MonoManager ReloadAssembly
Native extension for WindowsStandalone target not found
Native extension for WebGL target not found
Refreshing native plugins compatible for Editor in 0.28 ms, found 0 plugins.
Preloading 0 native plugins for Editor in 0.00 ms.
Mono: successfully reloaded assembly
- Completed reload, in  0.675 seconds
Platform modules already initialized, skipping
Refreshing native plugins compatible for Editor in 0.29 ms, found 0 plugins.
Preloading 0 native plugins for Editor in 0.00 ms.
Unloading 1610 Unused Serialized files (Serialized files now loaded: 0)
System memory in use before: 101.1 MB.
System memory in use after: 101.2 MB.

Unloading 7 unused Assets to reduce memory usage. Loaded Objects now: 2207.
Total: 2.617100 ms (FindLiveObjects: 0.295500 ms CreateObjectMapping: 0.127300 ms MarkObjects: 2.110700 ms  DeleteObjects: 0.082800 ms)

========================================================================
Received Prepare
Registering precompiled user dll's ...
Registered in 0.000967 seconds.
Begin MonoManager ReloadAssembly
Native extension for WindowsStandalone target not found
Native extension for WebGL target not found
Refreshing native plugins compatible for Editor in 0.34 ms, found 0 plugins.
Preloading 0 native plugins for Editor in 0.00 ms.
Mono: successfully reloaded assembly
- Completed reload, in  0.777 seconds
Platform modules already initialized, skipping
Refreshing native plugins compatible for Editor in 0.30 ms, found 0 plugins.
Preloading 0 native plugins for Editor in 0.00 ms.
Unloading 1610 Unused Serialized files (Serialized files now loaded: 0)
System memory in use before: 101.1 MB.
System memory in use after: 101.2 MB.

Unloading 7 unused Assets to reduce memory usage. Loaded Objects now: 2210.
Total: 2.120900 ms (FindLiveObjects: 0.287700 ms CreateObjectMapping: 0.158400 ms MarkObjects: 1.605600 ms  DeleteObjects: 0.068200 ms)

========================================================================
Received Prepare
Registering precompiled user dll's ...
Registered in 0.000899 seconds.
Begin MonoManager ReloadAssembly
Native extension for WindowsStandalone target not found
Native extension for WebGL target not found
Refreshing native plugins compatible for Editor in 0.29 ms, found 0 plugins.
Preloading 0 native plugins for Editor in 0.00 ms.
Mono: successfully reloaded assembly
- Completed reload, in  0.675 seconds
Platform modules already initialized, skipping
Refreshing native plugins compatible for Editor in 0.29 ms, found 0 plugins.
Preloading 0 native plugins for Editor in 0.00 ms.
Unloading 1610 Unused Serialized files (Serialized files now loaded: 0)
System memory in use before: 101.2 MB.
System memory in use after: 101.2 MB.

Unloading 7 unused Assets to reduce memory usage. Loaded Objects now: 2213.
Total: 1.800700 ms (FindLiveObjects: 0.181500 ms CreateObjectMapping: 0.056400 ms MarkObjects: 1.493400 ms  DeleteObjects: 0.068500 ms)

========================================================================
Received Prepare
Registering precompiled user dll's ...
Registered in 0.000887 seconds.
Begin MonoManager ReloadAssembly
Native extension for WindowsStandalone target not found
Native extension for WebGL target not found
Refreshing native plugins compatible for Editor in 0.28 ms, found 0 plugins.
Preloading 0 native plugins for Editor in 0.00 ms.
Mono: successfully reloaded assembly
- Completed reload, in  0.686 seconds
Platform modules already initialized, skipping
Refreshing native plugins compatible for Editor in 0.29 ms, found 0 plugins.
Preloading 0 native plugins for Editor in 0.00 ms.
Unloading 1610 Unused Serialized files (Serialized files now loaded: 0)
System memory in use before: 101.2 MB.
System memory in use after: 101.2 MB.

Unloading 7 unused Assets to reduce memory usage. Loaded Objects now: 2216.
Total: 1.715900 ms (FindLiveObjects: 0.169300 ms CreateObjectMapping: 0.052300 ms MarkObjects: 1.420200 ms  DeleteObjects: 0.073500 ms)

========================================================================
Received Prepare
Registering precompiled user dll's ...
Registered in 0.000846 seconds.
Begin MonoManager ReloadAssembly
Native extension for WindowsStandalone target not found
Native extension for WebGL target not found
Refreshing native plugins compatible for Editor in 0.29 ms, found 0 plugins.
Preloading 0 native plugins for Editor in 0.00 ms.
Mono: successfully reloaded assembly
- Completed reload, in  0.672 seconds
Platform modules already initialized, skipping
Refreshing native plugins compatible for Editor in 0.29 ms, found 0 plugins.
Preloading 0 native plugins for Editor in 0.00 ms.
Unloading 1610 Unused Serialized files (Serialized files now loaded: 0)
System memory in use before: 101.2 MB.
System memory in use after: 101.2 MB.

Unloading 7 unused Assets to reduce memory usage. Loaded Objects now: 2219.
Total: 1.787700 ms (FindLiveObjects: 0.203400 ms CreateObjectMapping: 0.058800 ms MarkObjects: 1.458200 ms  DeleteObjects: 0.066600 ms)

========================================================================
Received Prepare
Registering precompiled user dll's ...
Registered in 0.001009 seconds.
Begin MonoManager ReloadAssembly
Native extension for WindowsStandalone target not found
Native extension for WebGL target not found
Refreshing native plugins compatible for Editor in 0.30 ms, found 0 plugins.
Preloading 0 native plugins for Editor in 0.00 ms.
Mono: successfully reloaded assembly
- Completed reload, in  0.759 seconds
Platform modules already initialized, skipping
Refreshing native plugins compatible for Editor in 0.31 ms, found 0 plugins.
Preloading 0 native plugins for Editor in 0.00 ms.
Unloading 1610 Unused Serialized files (Serialized files now loaded: 0)
System memory in use before: 101.2 MB.
System memory in use after: 101.3 MB.

Unloading 7 unused Assets to reduce memory usage. Loaded Objects now: 2222.
Total: 1.847100 ms (FindLiveObjects: 0.204900 ms CreateObjectMapping: 0.057900 ms MarkObjects: 1.513100 ms  DeleteObjects: 0.070200 ms)

========================================================================
Received Prepare
Registering precompiled user dll's ...
Registered in 0.000924 seconds.
Begin MonoManager ReloadAssembly
Native extension for WindowsStandalone target not found
Native extension for WebGL target not found
Refreshing native plugins compatible for Editor in 0.48 ms, found 0 plugins.
Preloading 0 native plugins for Editor in 0.00 ms.
Mono: successfully reloaded assembly
- Completed reload, in  0.730 seconds
Platform modules already initialized, skipping
Refreshing native plugins compatible for Editor in 0.28 ms, found 0 plugins.
Preloading 0 native plugins for Editor in 0.00 ms.
Unloading 1610 Unused Serialized files (Serialized files now loaded: 0)
System memory in use before: 101.2 MB.
System memory in use after: 101.3 MB.

Unloading 7 unused Assets to reduce memory usage. Loaded Objects now: 2225.
Total: 2.029000 ms (FindLiveObjects: 0.243300 ms CreateObjectMapping: 0.095500 ms MarkObjects: 1.625200 ms  DeleteObjects: 0.063900 ms)

========================================================================
Received Prepare
Registering precompiled user dll's ...
Registered in 0.000943 seconds.
Begin MonoManager ReloadAssembly
Native extension for WindowsStandalone target not found
Native extension for WebGL target not found
Refreshing native plugins compatible for Editor in 0.47 ms, found 0 plugins.
Preloading 0 native plugins for Editor in 0.00 ms.
Mono: successfully reloaded assembly
- Completed reload, in  0.669 seconds
Platform modules already initialized, skipping
Refreshing native plugins compatible for Editor in 0.29 ms, found 0 plugins.
Preloading 0 native plugins for Editor in 0.00 ms.
Unloading 1610 Unused Serialized files (Serialized files now loaded: 0)
System memory in use before: 101.2 MB.
System memory in use after: 101.3 MB.

Unloading 7 unused Assets to reduce memory usage. Loaded Objects now: 2228.
Total: 1.680100 ms (FindLiveObjects: 0.172700 ms CreateObjectMapping: 0.047400 ms MarkObjects: 1.366500 ms  DeleteObjects: 0.093000 ms)

AssetImportWorkerClient::OnTransportError - code=2 error=End of file
